2024-04-17 00:53:29.998 +05:00 [INF] Searching Movie.
2024-04-17 00:53:34.140 +05:00 [INF] I am currently within the index action of the Movies Controller.
2024-04-17 01:12:08.827 +05:00 [INF] I am currently within the index action of the Movies Controller.
2024-04-17 01:12:31.203 +05:00 [INF] Информация обновлена
2024-04-17 01:12:31.254 +05:00 [INF] I am currently within the index action of the Movies Controller.
2024-04-17 01:12:39.595 +05:00 [INF] I am currently within the index action of the Movies Controller.
2024-04-17 01:12:51.003 +05:00 [INF] Информация обновлена
2024-04-17 01:12:51.058 +05:00 [INF] I am currently within the index action of the Movies Controller.
2024-04-17 01:12:53.919 +05:00 [INF] Информация обновлена
2024-04-17 01:12:53.964 +05:00 [INF] I am currently within the index action of the Movies Controller.
2024-04-17 01:12:59.662 +05:00 [INF] I am currently within the index action of the Movies Controller.
2024-04-17 01:13:10.867 +05:00 [INF] I am currently within the index action of the Movies Controller.
2024-04-17 01:13:26.461 +05:00 [INF] Информация обновлена
2024-04-17 01:13:26.512 +05:00 [INF] I am currently within the index action of the Movies Controller.
2024-04-17 01:13:29.772 +05:00 [INF] Информация обновлена
2024-04-17 01:13:29.839 +05:00 [INF] I am currently within the index action of the Movies Controller.
2024-04-17 01:13:32.808 +05:00 [INF] I am currently within the index action of the Movies Controller.
2024-04-17 01:13:43.715 +05:00 [INF] Actor Details
2024-04-17 01:13:49.754 +05:00 [INF] I am currently within the index action of the Actors Controller.
2024-04-17 01:13:53.188 +05:00 [INF] I am currently within the index action of the Movies Controller.
2024-04-17 01:13:57.186 +05:00 [INF] I am currently within the index action of the Movies Controller.
2024-04-17 01:14:05.349 +05:00 [INF] Информация обновлена
2024-04-17 01:14:05.396 +05:00 [INF] I am currently within the index action of the Movies Controller.
2024-04-17 01:14:08.018 +05:00 [INF] I am currently within the index action of the Movies Controller.
2024-04-17 01:14:14.512 +05:00 [INF] I am currently within the index action of the Movies Controller.
2024-04-17 01:14:24.236 +05:00 [INF] Информация обновлена
2024-04-17 01:14:24.285 +05:00 [INF] I am currently within the index action of the Movies Controller.
2024-04-17 01:14:28.005 +05:00 [INF] Actor Details
2024-04-17 01:14:31.023 +05:00 [INF] I am currently within the index action of the Actors Controller.
2024-04-17 01:14:34.074 +05:00 [INF] I am currently within the index action of the Movies Controller.
2024-04-17 01:16:17.702 +05:00 [INF] I am currently within the index action of the Movies Controller.
2024-04-17 01:16:21.087 +05:00 [INF] I am currently within the index action of the Movies Controller.
2024-04-17 01:16:30.118 +05:00 [INF] Информация обновлена
2024-04-17 01:16:30.172 +05:00 [INF] I am currently within the index action of the Movies Controller.
2024-04-17 01:16:33.415 +05:00 [INF] I am currently within the index action of the Movies Controller.
2024-04-17 01:16:37.520 +05:00 [INF] I am currently within the index action of the Movies Controller.
2024-04-17 01:16:45.302 +05:00 [INF] Информация обновлена
2024-04-17 01:16:45.351 +05:00 [INF] I am currently within the index action of the Movies Controller.
2024-04-17 01:16:54.002 +05:00 [INF] I am currently within the index action of the Movies Controller.
2024-04-17 01:16:57.523 +05:00 [INF] I am currently within the index action of the Movies Controller.
2024-04-17 01:17:01.747 +05:00 [INF] Информация обновлена
2024-04-17 01:17:01.791 +05:00 [INF] I am currently within the index action of the Movies Controller.
2024-04-17 01:17:05.707 +05:00 [INF] I am currently within the index action of the Movies Controller.
2024-04-17 01:17:08.868 +05:00 [INF] I am currently within the index action of the Movies Controller.
2024-04-17 01:26:00.395 +05:00 [INF] Actor Details
2024-04-17 01:26:04.536 +05:00 [INF] I am currently within the index action of the Movies Controller.
2024-04-17 03:29:27.593 +05:00 [INF] I am currently within the index action of the Cinemas Controller.
2024-04-17 03:30:27.713 +05:00 [INF] I am currently within the Index action of the Producers Controller.
2024-04-17 03:30:58.345 +05:00 [INF] I am currently within the index action of the Actors Controller.
2024-04-17 03:34:18.035 +05:00 [INF] I am currently within the index action of the Movies Controller.
2024-04-17 03:35:43.800 +05:00 [INF] I am currently within the index action of the Movies Controller.
2024-04-17 03:37:58.368 +05:00 [INF] I am currently within the index action of the Movies Controller.
2024-04-17 03:51:25.722 +05:00 [INF] Заказ добавлен
2024-04-17 03:51:25.775 +05:00 [INF] I am currently within the ShoppingCart action of the Orders Controller.
2024-04-17 03:52:04.392 +05:00 [INF] I am currently within the index action of the Movies Controller.
2024-04-17 03:54:57.536 +05:00 [INF] I am currently within the ShoppingCart action of the Orders Controller.
2024-04-17 04:03:54.667 +05:00 [INF] Заказ оформлен
2024-04-17 04:03:57.618 +05:00 [INF] I am currently within the index action of the Movies Controller.
2024-04-17 04:03:59.448 +05:00 [INF] I am currently within the index action of the Orders Controller.
2024-04-17 04:19:16.860 +05:00 [INF] I am currently within the index action of the Movies Controller.
2024-04-17 15:24:30.298 +05:00 [INF] I am currently within the index action of the Movies Controller.
2024-04-17 15:24:38.610 +05:00 [INF] I am in Account Controller: Login
2024-04-17 15:24:40.346 +05:00 [ERR] Logged in Success.
2024-04-17 15:24:40.442 +05:00 [INF] I am currently within the index action of the Movies Controller.
