2024-04-15 13:42:17.714 +05:00 [INF] I am currently within the index action of the Movies Controller.
2024-04-15 13:42:23.851 +05:00 [INF] I am in Account Controller: Login
2024-04-15 13:42:27.315 +05:00 [ERR] Logged in Success.
2024-04-15 13:42:27.584 +05:00 [INF] I am currently within the index action of the Movies Controller.
2024-04-15 13:42:45.944 +05:00 [INF] I am currently within the index action of the Movies Controller.
2024-04-15 13:43:50.732 +05:00 [INF] I am currently within the index action of the Movies Controller.
2024-04-15 13:43:56.156 +05:00 [INF] List of users
2024-04-15 13:43:59.684 +05:00 [INF] I am currently within the index action of the Orders Controller.
2024-04-15 13:44:13.844 +05:00 [INF] I am currently within the index action of the Movies Controller.
2024-04-15 19:57:56.540 +05:00 [INF] I am currently within the index action of the Movies Controller.
2024-04-15 19:58:02.112 +05:00 [INF] I am in Account Controller: Login
2024-04-15 19:58:38.659 +05:00 [INF] I am currently within the index action of the Movies Controller.
2024-04-15 19:58:42.705 +05:00 [INF] I am in Account Controller: Login
2024-04-15 19:58:45.892 +05:00 [ERR] Logged in Success.
2024-04-15 19:58:46.092 +05:00 [INF] I am currently within the index action of the Movies Controller.
2024-04-15 19:58:50.857 +05:00 [INF] I am currently within the index action of the Cinemas Controller.
2024-04-15 20:00:09.960 +05:00 [INF] I am currently within the index action of the Cinemas Controller.
2024-04-15 20:00:20.092 +05:00 [INF] I am currently within the index action of the Cinemas Controller.
2024-04-15 20:22:17.249 +05:00 [INF] I am currently within the index action of the Movies Controller.
2024-04-15 20:24:09.156 +05:00 [INF] I am currently within the index action of the Movies Controller.
2024-04-15 20:24:47.542 +05:00 [INF] I am currently within the index action of the Movies Controller.
2024-04-15 20:25:09.948 +05:00 [INF] I am currently within the index action of the Movies Controller.
2024-04-15 20:26:54.071 +05:00 [INF] I am in Account Controller: Login
2024-04-15 20:34:23.355 +05:00 [INF] I am in Account Controller: Login
2024-04-15 20:34:27.857 +05:00 [ERR] Logged in Success.
2024-04-15 20:34:28.189 +05:00 [INF] I am currently within the index action of the Movies Controller.
2024-04-15 20:34:37.008 +05:00 [INF] List of users
2024-04-15 20:34:42.039 +05:00 [INF] I am currently within the index action of the Orders Controller.
2024-04-15 20:34:57.555 +05:00 [INF] I am currently within the index action of the Movies Controller.
2024-04-15 20:36:06.204 +05:00 [INF] I am currently within the index action of the Movies Controller.
2024-04-15 20:48:26.256 +05:00 [INF] I am currently within the index action of the Movies Controller.
2024-04-15 20:49:48.222 +05:00 [INF] Filter or Searching Not Found.
2024-04-15 20:50:00.693 +05:00 [INF] Searching Movie.
2024-04-15 20:50:26.281 +05:00 [INF] Filter or Searching Not Found.
2024-04-15 20:51:44.930 +05:00 [INF] Filter or Searching Not Found.
2024-04-15 20:51:55.346 +05:00 [INF] Filter or Searching Not Found.
2024-04-15 20:52:09.343 +05:00 [INF] I am currently within the index action of the Movies Controller.
2024-04-15 20:53:35.853 +05:00 [INF] I am currently within the index action of the Movies Controller.
2024-04-15 21:39:29.758 +05:00 [INF] I am currently within the Index action of the Producers Controller.
2024-04-15 21:39:30.514 +05:00 [INF] I am currently within the index action of the Movies Controller.
2024-04-15 21:39:35.896 +05:00 [INF] I am currently within the index action of the Cinemas Controller.
2024-04-15 21:40:59.406 +05:00 [INF] I am currently within the index action of the Movies Controller.
2024-04-15 21:41:18.802 +05:00 [INF] Order added Successfully.
2024-04-15 21:41:19.005 +05:00 [INF] I am currently within the ShoppingCart action of the Orders Controller.
2024-04-15 21:41:28.146 +05:00 [INF] Order remove Successfully.
2024-04-15 21:41:28.743 +05:00 [INF] I am currently within the ShoppingCart action of the Orders Controller.
2024-04-15 21:41:31.770 +05:00 [INF] I am currently within the index action of the Movies Controller.
2024-04-15 21:42:05.279 +05:00 [INF] Movie Delete Successfully.
2024-04-15 21:42:05.477 +05:00 [INF] I am currently within the index action of the Movies Controller.
2024-04-15 21:45:17.678 +05:00 [INF] I am currently within the index action of the Movies Controller.
2024-04-15 21:45:28.214 +05:00 [INF] Movie Delete Successfully.
2024-04-15 21:45:28.402 +05:00 [INF] I am currently within the index action of the Movies Controller.
2024-04-15 21:51:08.326 +05:00 [INF] I am currently within the index action of the Movies Controller.
2024-04-15 22:13:43.244 +05:00 [INF] I am currently within the index action of the Movies Controller.
