2024-04-05 14:03:23.163 +06:00 [INF] I am currently within the index action of the Movies Controller.
2024-04-05 14:12:30.922 +06:00 [INF] I am in Account Controller: Register
2024-04-05 14:12:56.590 +06:00 [INF] arman@gmail.com: User Created
2024-04-05 14:13:01.916 +06:00 [INF] I am currently within the index action of the Movies Controller.
2024-04-05 14:13:04.348 +06:00 [INF] I am in Account Controller: Register
2024-04-05 14:13:11.442 +06:00 [INF] I am in Account Controller: Login
2024-04-05 14:13:14.186 +06:00 [ERR] Logged in Success.
2024-04-05 14:13:14.376 +06:00 [INF] I am currently within the index action of the Movies Controller.
2024-04-05 14:26:53.749 +06:00 [INF] Searching Movie.
2024-04-05 14:29:34.030 +06:00 [INF] I am currently within the index action of the Movies Controller.
2024-04-05 14:29:38.615 +06:00 [INF] I am currently within the index action of the Orders Controller.
2024-04-05 14:29:42.214 +06:00 [INF] I am currently within the index action of the Movies Controller.
2024-04-05 14:31:22.700 +06:00 [INF] I am currently within the index action of the Movies Controller.
2024-04-05 16:22:34.896 +06:00 [INF] I am currently within the index action of the Movies Controller.
2024-04-05 16:31:52.711 +06:00 [INF] I am in Account Controller: Register
2024-04-05 16:32:18.798 +06:00 [INF] Kuanysh@gmail.com: User Created
2024-04-05 16:32:28.470 +06:00 [INF] I am in Account Controller: Login
2024-04-05 16:32:32.701 +06:00 [ERR] Logged in Success.
2024-04-05 16:32:32.904 +06:00 [INF] I am currently within the index action of the Movies Controller.
2024-04-05 16:32:43.670 +06:00 [INF] Searching Movie.
2024-04-05 16:32:56.198 +06:00 [INF] I am currently within the index action of the Movies Controller.
