2024-04-08 21:06:57.947 +06:00 [INF] I am currently within the index action of the Movies Controller.
2024-04-08 21:09:58.639 +06:00 [INF] I am currently within the index action of the Movies Controller.
2024-04-08 21:10:01.580 +06:00 [INF] I am in Account Controller: Login
2024-04-08 21:10:04.632 +06:00 [ERR] Logged in Success.
2024-04-08 21:10:04.828 +06:00 [INF] I am currently within the index action of the Movies Controller.
2024-04-08 21:10:15.608 +06:00 [INF] I am currently within the index action of the Cinemas Controller.
2024-04-08 21:10:24.208 +06:00 [INF] I am currently within the Index action of the Producers Controller.
2024-04-08 21:10:29.357 +06:00 [INF] I am currently within the index action of the Actors Controller.
2024-04-08 21:10:39.637 +06:00 [INF] I am currently within the index action of the Movies Controller.
2024-04-08 21:10:43.286 +06:00 [INF] I am currently within the index action of the Cinemas Controller.
2024-04-08 21:10:47.563 +06:00 [INF] I am currently within the index action of the Movies Controller.
2024-04-08 21:10:48.872 +06:00 [INF] I am currently within the index action of the Movies Controller.
2024-04-08 21:21:12.729 +06:00 [INF] I am currently within the index action of the Movies Controller.
2024-04-08 21:21:15.901 +06:00 [INF] I am in Account Controller: Login
2024-04-08 21:21:42.302 +06:00 [ERR] Logged in Success.
2024-04-08 21:21:42.487 +06:00 [INF] I am currently within the index action of the Movies Controller.
2024-04-08 21:23:25.294 +06:00 [INF] I am currently within the index action of the Movies Controller.
2024-04-08 21:23:38.417 +06:00 [INF] I am currently within the Index action of the Producers Controller.
2024-04-08 21:23:45.277 +06:00 [INF] I am currently within the Index action of the Producers Controller.
2024-04-08 21:24:00.522 +06:00 [INF] I am currently within the index action of the Movies Controller.
